<?xml version="1.0" encoding="UTF-8"?>
<robot generator="Robot 3.1.2.1 (Python 3.7.3 on win32)" generated="20200629 14:55:20.935" rpa="false">
<suite id="s1" name="BaselineVerificationRobotTests" source="D:\UFT_Project_Workspace\BaselineVerificationRobotTests">
<suite id="s1-s1" name="BaselineVerification" source="D:\UFT_Project_Workspace\BaselineVerificationRobotTests\BaselineVerification.robot">
<test id="s1-s1-t1" name="Html Single Table Data Verification">
<kw name="Verify Html Single Table Data" library="BaselineVerification">
<doc>| Usage |
        To Verify HTML data from a single HTML table in application.</doc>
<arguments>
<arg>html_file_path=${html1}</arg>
<arg>html_table_xpath=${html_table1_xpath}</arg>
<arg>baseline_excel_file_path=${baseline1}</arg>
<arg>baseline_sheet_name=Sheet1</arg>
<arg>primary_column_name=${primary_column_name1}</arg>
<arg>skip_columns_names=${SkipColumns}</arg>
</arguments>
<msg timestamp="20200629 14:55:24.383" level="INFO" html="yes">&lt;div class="" style=""&gt;&lt;table id="NewReport"&gt;&lt;tbody class="" style=""&gt;&lt;tr class="" style=""&gt;&lt;td class="" style=" background:#5cb85c; None;" colspan="" rowspan=""&gt;Buy Amount&lt;/td&gt;&lt;td class="" style=" background:#5cb85c; None;" colspan="" rowspan=""&gt;Buy CCY&lt;/td&gt;&lt;td class="" style=" background:#5cb85c; None;" colspan="" rowspan=""&gt;Buy Receiving Agent&lt;/td&gt;&lt;td class="" style=" background:#5cb85c; None;" colspan="" rowspan=""&gt;Counterparty&lt;/td&gt;&lt;td class="" style=" background:#5cb85c; None;" colspan="" rowspan=""&gt;Create Date&lt;/td&gt;&lt;td class="" style=" background:#b7b7b7; None;" colspan="" rowspan=""&gt;&lt;span&gt;DM Status&lt;br&gt;DM Status&lt;/span&gt;&lt;/td&gt;&lt;td class="" style=" background:#5cb85c; None;" colspan="" rowspan=""&gt;Deal Type&lt;/td&gt;&lt;td class="" style=" background:#5cb85c; None;" colspan="" rowspan=""&gt;Fin Status&lt;/td&gt;&lt;td class="" style=" background:#5cb85c; None;" colspan="" rowspan=""&gt;Fund&lt;/td&gt;&lt;td class="" style=" background:#5cb85c; None;" colspan="" rowspan=""&gt;Inst Status&lt;/td&gt;&lt;td class="" style=" background:#5cb85c; None;" colspan="" rowspan=""&gt;Rate&lt;/td&gt;&lt;td class="" style=" background:#5cb85c; None;" colspan="" rowspan=""&gt;Reference Num&lt;/td&gt;&lt;td class="" style=" background:#5cb85c; None;" colspan="" rowspan=""&gt;Sell Amount&lt;/td&gt;&lt;td class="" style=" background:#5cb85c; None;" colspan="" rowspan=""&gt;Sell CCY&lt;/td&gt;&lt;td class="" style=" background:#b7b7b7; None;" colspan="" rowspan=""&gt;&lt;span&gt;Sell Receiving Agent&lt;br&gt;Sell Receiving Agent&lt;/span&gt;&lt;/td&gt;&lt;td class="" style=" background:#5cb85c; None;" colspan="" rowspan=""&gt;Trade Date&lt;/td&gt;&lt;td class="" style=" background:#5cb85c; None;" colspan="" rowspan=""&gt;Value Date&lt;/td&gt;&lt;/tr&gt;&lt;/tbody&gt;&lt;tbody class="" style=""&gt;&lt;tr class="" style=""&gt;&lt;td class="" style=" background:#5cb85c; None;" colspan="" rowspan=""&gt;&lt;/td&gt;&lt;td class="" style=" background:#5cb85c; None;" colspan="" rowspan=""&gt;ARS&lt;/td&gt;&lt;td class="" style=" background:#5cb85c; None;" colspan="" rowspan=""&gt;/NAME/Netting TEST1&lt;/td&gt;&lt;td class="" style=" background:#5cb85c; None;" colspan="" rowspan=""&gt;AUTOQTP4XXX&lt;/td&gt;&lt;td class="" style=" background:#5cb85c; None;" colspan="" rowspan=""&gt;10/14/2019 12:29:55 PM&lt;/td&gt;&lt;td class="" style=" background:#b7b7b7; None;" colspan="" rowspan=""&gt;&lt;span&gt;None&lt;br&gt;None&lt;/span&gt;&lt;/td&gt;&lt;td class="" style=" background:#5cb85c; None;" colspan="" rowspan=""&gt;NDF&lt;/td&gt;&lt;td class="" style=" background:#5cb85c; None;" colspan="" rowspan=""&gt;Unmatched&lt;/td&gt;&lt;td class="" style=" background:#5cb85c; None;" colspan="" rowspan=""&gt;&lt;/td&gt;&lt;td class="" style=" background:#5cb85c; None;" colspan="" rowspan=""&gt;Unmatched&lt;/td&gt;&lt;td class="" style=" background:#5cb85c; None;" colspan="" rowspan=""&gt;.0034&lt;/td&gt;&lt;td class="" style=" background:#5cb85c; None;" colspan="" rowspan=""&gt;SSCNDFDEAL1&lt;/td&gt;&lt;td class="" style=" background:#5cb85c; None;" colspan="" rowspan=""&gt;&lt;/td&gt;&lt;td class="" style=" background:#5cb85c; None;" colspan="" rowspan=""&gt;CLP&lt;/td&gt;&lt;td class="" style=" background:#b7b7b7; None;" colspan="" rowspan=""&gt;&lt;span&gt;&lt;br&gt;&lt;/span&gt;&lt;/td&gt;&lt;td class="" style=" background:#5cb85c; None;" colspan="" rowspan=""&gt;&lt;/td&gt;&lt;td class="" style=" background:#5cb85c; None;" colspan="" rowspan=""&gt;12/12/2012&lt;/td&gt;&lt;/tr&gt;&lt;tr class="" style=""&gt;&lt;td class="" style=" background:#5cb85c; None;" colspan="" rowspan=""&gt;7,777.10&lt;/td&gt;&lt;td class="" style=" background:#5cb85c; None;" colspan="" rowspan=""&gt;CAD&lt;/td&gt;&lt;td class="" style=" background:#5cb85c; None;" colspan="" rowspan=""&gt;AUTOQTP4XXX&lt;/td&gt;&lt;td class="" style=" background:#5cb85c; None;" colspan="" rowspan=""&gt;AUTOQTP4XXX&lt;/td&gt;&lt;td class="" style=" background:#5cb85c; None;" colspan="" rowspan=""&gt;10/14/2019 2:35:39 PM&lt;/td&gt;&lt;td class="" style=" background:#b7b7b7; None;" colspan="" rowspan=""&gt;&lt;span&gt;None&lt;br&gt;None&lt;/span&gt;&lt;/td&gt;&lt;td class="" style=" background:#5cb85c; None;" colspan="" rowspan=""&gt;STD&lt;/td&gt;&lt;td class="" style=" background:#5cb85c; None;" colspan="" rowspan=""&gt;Unmatched&lt;/td&gt;&lt;td class="" style=" background:#5cb85c; None;" colspan="" rowspan=""&gt;FUND1&lt;/td&gt;&lt;td class="" style=" background:#5cb85c; None;" colspan="" rowspan=""&gt;Unmatched&lt;/td&gt;&lt;td class="" style=" background:#5cb85c; None;" colspan="" rowspan=""&gt;.0034&lt;/td&gt;&lt;td class="" style=" background:#5cb85c; None;" colspan="" rowspan=""&gt;SRA3001029NOB&lt;/td&gt;&lt;td class="" style=" background:#5cb85c; None;" colspan="" rowspan=""&gt;4,444.10&lt;/td&gt;&lt;td class="" style=" background:#5cb85c; None;" colspan="" rowspan=""&gt;GBP&lt;/td&gt;&lt;td class="" style=" background:#b7b7b7; None;" colspan="" rowspan=""&gt;&lt;span&gt;BANKFR22&lt;br&gt;BANKFR22&lt;/span&gt;&lt;/td&gt;&lt;td class="" style=" background:#5cb85c; None;" colspan="" rowspan=""&gt;2/2/2014&lt;/td&gt;&lt;td class="" style=" background:#5cb85c; None;" colspan="" rowspan=""&gt;11/14/2019&lt;/td&gt;&lt;/tr&gt;&lt;tr class="" style=""&gt;&lt;td class="" style=" background:#5cb85c; None;" colspan="" rowspan=""&gt;11.00&lt;/td&gt;&lt;td class="" style=" background:#5cb85c; None;" colspan="" rowspan=""&gt;GBP&lt;/td&gt;&lt;td class="" style=" background:#5cb85c; None;" colspan="" rowspan=""&gt;&lt;/td&gt;&lt;td class="" style=" background:#5cb85c; None;" colspan="" rowspan=""&gt;AUTOQTP4XXX&lt;/td&gt;&lt;td class="" style=" background:#5cb85c; None;" colspan="" rowspan=""&gt;10/14/2019 12:29:58 PM&lt;/td&gt;&lt;td class="" style=" background:#b7b7b7; None;" colspan="" rowspan=""&gt;&lt;span&gt;None&lt;br&gt;None&lt;/span&gt;&lt;/td&gt;&lt;td class="" style=" background:#5cb85c; None;" colspan="" rowspan=""&gt;SPL&lt;/td&gt;&lt;td class="" style=" background:#5cb85c; None;" colspan="" rowspan=""&gt;Unmatched&lt;/td&gt;&lt;td class="" style=" background:#5cb85c; None;" colspan="" rowspan=""&gt;&lt;/td&gt;&lt;td class="" style=" background:#5cb85c; None;" colspan="" rowspan=""&gt;Unmatched&lt;/td&gt;&lt;td class="" style=" background:#5cb85c; None;" colspan="" rowspan=""&gt;5.1&lt;/td&gt;&lt;td class="" style=" background:#5cb85c; None;" colspan="" rowspan=""&gt;SSCSPLDEAL&lt;/td&gt;&lt;td class="" style=" background:#5cb85c; None;" colspan="" rowspan=""&gt;200.00&lt;/td&gt;&lt;td class="" style=" background:#5cb85c; None;" colspan="" rowspan=""&gt;USD&lt;/td&gt;&lt;td class="" style=" background:#b7b7b7; None;" colspan="" rowspan=""&gt;&lt;span&gt;AUTOQTP4XXX&lt;br&gt;AUTOQTP4XXX&lt;/span&gt;&lt;/td&gt;&lt;td class="" style=" background:#5cb85c; None;" colspan="" rowspan=""&gt;&lt;/td&gt;&lt;td class="" style=" background:#5cb85c; None;" colspan="" rowspan=""&gt;12/12/2008&lt;/td&gt;&lt;/tr&gt;&lt;tr class="" style=""&gt;&lt;td class="" style=" background:#5cb85c; None;" colspan="" rowspan=""&gt;11.00&lt;/td&gt;&lt;td class="" style=" background:#5cb85c; None;" colspan="" rowspan=""&gt;GBP&lt;/td&gt;&lt;td class="" style=" background:#5cb85c; None;" colspan="" rowspan=""&gt;BOFAUS6SXXX&lt;/td&gt;&lt;td class="" style=" background:#5cb85c; None;" colspan="" rowspan=""&gt;AUTOQTP4XXX&lt;/td&gt;&lt;td class="" style=" background:#5cb85c; None;" colspan="" rowspan=""&gt;10/14/2019 12:29:59 PM&lt;/td&gt;&lt;td class="" style=" background:#b7b7b7; None;" colspan="" rowspan=""&gt;&lt;span&gt;None&lt;br&gt;None&lt;/span&gt;&lt;/td&gt;&lt;td class="" style=" background:#5cb85c; None;" colspan="" rowspan=""&gt;STD&lt;/td&gt;&lt;td class="" style=" background:#5cb85c; None;" colspan="" rowspan=""&gt;Unmatched&lt;/td&gt;&lt;td class="" style=" background:#5cb85c; None;" colspan="" rowspan=""&gt;&lt;/td&gt;&lt;td class="" style=" background:#5cb85c; None;" colspan="" rowspan=""&gt;Unmatched&lt;/td&gt;&lt;td class="" style=" background:#5cb85c; None;" colspan="" rowspan=""&gt;2.78&lt;/td&gt;&lt;td class="" style=" background:#5cb85c; None;" colspan="" rowspan=""&gt;SSCUNMDEAL&lt;/td&gt;&lt;td class="" style=" background:#5cb85c; None;" colspan="" rowspan=""&gt;200.00&lt;/td&gt;&lt;td class="" style=" background:#5cb85c; None;" colspan="" rowspan=""&gt;&lt;/td&gt;&lt;td class="" style=" background:#b7b7b7; None;" colspan="" rowspan=""&gt;&lt;span&gt;AUTOQTP4XXX&lt;br&gt;AUTOQTP4XXX&lt;/span&gt;&lt;/td&gt;&lt;td class="" style=" background:#5cb85c; None;" colspan="" rowspan=""&gt;12/12/2015&lt;/td&gt;&lt;td class="" style=" background:#5cb85c; None;" colspan="" rowspan=""&gt;12/12/2013&lt;/td&gt;&lt;/tr&gt;&lt;tr class="" style=""&gt;&lt;td class="" style=" background:#5cb85c; None;" colspan="" rowspan=""&gt;6,432.10&lt;/td&gt;&lt;td class="" style=" background:#5cb85c; None;" colspan="" rowspan=""&gt;&lt;/td&gt;&lt;td class="" style=" background:#5cb85c; None;" colspan="" rowspan=""&gt;AUTOQTP8XXX&lt;/td&gt;&lt;td class="" style=" background:#5cb85c; None;" colspan="" rowspan=""&gt;AUTOQTP4XXX&lt;/td&gt;&lt;td class="" style=" background:#5cb85c; None;" colspan="" rowspan=""&gt;10/14/2019 2:27:42 PM&lt;/td&gt;&lt;td class="" style=" background:#b7b7b7; None;" colspan="" rowspan=""&gt;&lt;span&gt;None&lt;br&gt;None&lt;/span&gt;&lt;/td&gt;&lt;td class="" style=" background:#5cb85c; None;" colspan="" rowspan=""&gt;STD&lt;/td&gt;&lt;td class="" style=" background:#5cb85c; None;" colspan="" rowspan=""&gt;Unmatched&lt;/td&gt;&lt;td class="" style=" background:#5cb85c; None;" colspan="" rowspan=""&gt;FUND1&lt;/td&gt;&lt;td class="" style=" background:#5cb85c; None;" colspan="" rowspan=""&gt;Unmatched&lt;/td&gt;&lt;td class="" style=" background:#5cb85c; None;" colspan="" rowspan=""&gt;.0034&lt;/td&gt;&lt;td class="" style=" background:#5cb85c; None;" colspan="" rowspan=""&gt;SRA3001029NOA&lt;/td&gt;&lt;td class="" style=" background:#5cb85c; None;" colspan="" rowspan=""&gt;1,457.10&lt;/td&gt;&lt;td class="" style=" background:#5cb85c; None;" colspan="" rowspan=""&gt;CAD&lt;/td&gt;&lt;td class="" style=" background:#b7b7b7; None;" colspan="" rowspan=""&gt;&lt;span&gt;BANKFR22&lt;br&gt;BANKFR22&lt;/span&gt;&lt;/td&gt;&lt;td class="" style=" background:#5cb85c; None;" colspan="" rowspan=""&gt;&lt;/td&gt;&lt;td class="" style=" background:#5cb85c; None;" colspan="" rowspan=""&gt;1/14/2020&lt;/td&gt;&lt;/tr&gt;&lt;tr class="" style=""&gt;&lt;td class="" style=" background:#5cb85c; None;" colspan="" rowspan=""&gt;99.00&lt;/td&gt;&lt;td class="" style=" background:#5cb85c; None;" colspan="" rowspan=""&gt;GBP&lt;/td&gt;&lt;td class="" style=" background:#5cb85c; None;" colspan="" rowspan=""&gt;BOFAUS6SXXX&lt;/td&gt;&lt;td class="" style=" background:#5cb85c; None;" colspan="" rowspan=""&gt;AUTOQTP4XXX&lt;/td&gt;&lt;td class="" style=" background:#5cb85c; None;" colspan="" rowspan=""&gt;10/14/2019 11:27:40 AM&lt;/td&gt;&lt;td class="" style=" background:#b7b7b7; None;" colspan="" rowspan=""&gt;&lt;span&gt;None&lt;br&gt;None&lt;/span&gt;&lt;/td&gt;&lt;td class="" style=" background:#5cb85c; None;" colspan="" rowspan=""&gt;STD&lt;/td&gt;&lt;td class="" style=" background:#5cb85c; None;" colspan="" rowspan=""&gt;Unmatched&lt;/td&gt;&lt;td class="" style=" background:#5cb85c; None;" colspan="" rowspan=""&gt;&lt;/td&gt;&lt;td class="" style=" background:#5cb85c; None;" colspan="" rowspan=""&gt;Pending Approval&lt;/td&gt;&lt;td class="" style=" background:#5cb85c; None;" colspan="" rowspan=""&gt;2.78&lt;/td&gt;&lt;td class="" style=" background:#5cb85c; None;" colspan="" rowspan=""&gt;SSCPENDDEAL&lt;/td&gt;&lt;td class="" style=" background:#5cb85c; None;" colspan="" rowspan=""&gt;200.00&lt;/td&gt;&lt;td class="" style=" background:#5cb85c; None;" colspan="" rowspan=""&gt;USD&lt;/td&gt;&lt;td class="" style=" background:#b7b7b7; None;" colspan="" rowspan=""&gt;&lt;span&gt;AUTOQTP4XXX&lt;br&gt;AUTOQTP4XXX&lt;/span&gt;&lt;/td&gt;&lt;td class="" style=" background:#5cb85c; None;" colspan="" rowspan=""&gt;12/12/2010&lt;/td&gt;&lt;td class="" style=" background:#5cb85c; None;" colspan="" rowspan=""&gt;12/12/2009&lt;/td&gt;&lt;/tr&gt;&lt;/tbody&gt;&lt;tbody class="" style=""&gt;&lt;/tbody&gt;&lt;/table&gt;&lt;table&gt;
    &lt;tbody&gt;
        &lt;tr&gt;
            &lt;th style="background:#5cb85c"&gt;PASS&lt;/th&gt;
            &lt;th style="background:#d9534f"&gt;FAIL&lt;/th&gt;
            &lt;th style="background:#b7b7b7"&gt;SKIP&lt;/th&gt;
            &lt;th style="background:#727fbf"&gt;MISSING ROW,COLUMN&lt;/th&gt;
            &lt;th style="background:#bfbc72"&gt;ADDITIONAL ROW,COLUMN&lt;/th&gt;
            &lt;th style="background:#f0ad4e"&gt;KEY COLUMN&lt;/th&gt;
        &lt;/tr&gt;
        &lt;tr&gt;
            &lt;td style="background:#5cb85c"&gt;Matched value&lt;/td&gt;
            &lt;td style="background:#d9534f"&gt;Baseline value
Application value&lt;/td&gt;
            &lt;td style="background:#b7b7b7"&gt;Baseline value
Application value&lt;/td&gt;
            &lt;td style="background:#727fbf"&gt;Baseline value&lt;/td&gt;
            &lt;td style="background:#bfbc72"&gt;Application value&lt;/td&gt;
            &lt;td style="background:#f0ad4e"&gt;Key column name&lt;/td&gt;
        &lt;/tr&gt;
    &lt;/tbody&gt;&lt;caption&gt;&lt;b&gt;Legend&lt;/b&gt;&lt;/caption&gt;
&lt;/table&gt;
        &lt;/div&gt;</msg>
<status status="PASS" starttime="20200629 14:55:23.983" endtime="20200629 14:55:24.384"></status>
</kw>
<status status="PASS" starttime="20200629 14:55:23.980" endtime="20200629 14:55:24.385" critical="yes"></status>
</test>
<test id="s1-s1-t2" name="Html Single Table Data Verification Without Column Headers">
<kw name="Verify Html Single Table Data" library="BaselineVerification">
<doc>| Usage |
        To Verify HTML data from a single HTML table in application.</doc>
<arguments>
<arg>html_file_path=${html1}</arg>
<arg>html_table_xpath=${html_table2_xpath}</arg>
<arg>baseline_excel_file_path=${baseline1}</arg>
<arg>baseline_sheet_name=Sheet2</arg>
<arg>primary_column_name=${primary_column_name2}</arg>
</arguments>
<msg timestamp="20200629 14:55:24.522" level="INFO" html="yes">&lt;div class="" style=""&gt;&lt;table id="NewReport"&gt;&lt;tbody class="" style=""&gt;&lt;tr class="" style=""&gt;&lt;td class="" style=" background:#5cb85c; None;" colspan="" rowspan=""&gt;1&lt;/td&gt;&lt;td class="" style=" background:#5cb85c; None;" colspan="" rowspan=""&gt;10&lt;/td&gt;&lt;td class="" style=" background:#5cb85c; None;" colspan="" rowspan=""&gt;11&lt;/td&gt;&lt;td class="" style=" background:#5cb85c; None;" colspan="" rowspan=""&gt;12&lt;/td&gt;&lt;td class="" style=" background:#5cb85c; None;" colspan="" rowspan=""&gt;13&lt;/td&gt;&lt;td class="" style=" background:#5cb85c; None;" colspan="" rowspan=""&gt;14&lt;/td&gt;&lt;td class="" style=" background:#5cb85c; None;" colspan="" rowspan=""&gt;15&lt;/td&gt;&lt;td class="" style=" background:#5cb85c; None;" colspan="" rowspan=""&gt;16&lt;/td&gt;&lt;td class="" style=" background:#5cb85c; None;" colspan="" rowspan=""&gt;17&lt;/td&gt;&lt;td class="" style=" background:#5cb85c; None;" colspan="" rowspan=""&gt;2&lt;/td&gt;&lt;td class="" style=" background:#5cb85c; None;" colspan="" rowspan=""&gt;3&lt;/td&gt;&lt;td class="" style=" background:#5cb85c; None;" colspan="" rowspan=""&gt;4&lt;/td&gt;&lt;td class="" style=" background:#5cb85c; None;" colspan="" rowspan=""&gt;5&lt;/td&gt;&lt;td class="" style=" background:#5cb85c; None;" colspan="" rowspan=""&gt;6&lt;/td&gt;&lt;td class="" style=" background:#5cb85c; None;" colspan="" rowspan=""&gt;7&lt;/td&gt;&lt;td class="" style=" background:#5cb85c; None;" colspan="" rowspan=""&gt;8&lt;/td&gt;&lt;td class="" style=" background:#5cb85c; None;" colspan="" rowspan=""&gt;9&lt;/td&gt;&lt;/tr&gt;&lt;/tbody&gt;&lt;tbody class="" style=""&gt;&lt;tr class="" style=""&gt;&lt;td class="" style=" background:#5cb85c; None;" colspan="" rowspan=""&gt;AUTOQTP4XXX&lt;/td&gt;&lt;td class="" style=" background:#5cb85c; None;" colspan="" rowspan=""&gt;CHF&lt;/td&gt;&lt;td class="" style=" background:#5cb85c; None;" colspan="" rowspan=""&gt;3,000.00&lt;/td&gt;&lt;td class="" style=" background:#5cb85c; None;" colspan="" rowspan=""&gt;NETTED&lt;/td&gt;&lt;td class="" style=" background:#5cb85c; None;" colspan="" rowspan=""&gt;NET&lt;/td&gt;&lt;td class="" style=" background:#5cb85c; None;" colspan="" rowspan=""&gt;0.00&lt;/td&gt;&lt;td class="" style=" background:#5cb85c; None;" colspan="" rowspan=""&gt;NETTED&lt;/td&gt;&lt;td class="" style=" background:#5cb85c; None;" colspan="" rowspan=""&gt;NET&lt;/td&gt;&lt;td class="" style=" background:#5cb85c; None;" colspan="" rowspan=""&gt;10/14/2019 12:43:44 PM&lt;/td&gt;&lt;td class="" style=" background:#5cb85c; None;" colspan="" rowspan=""&gt;Matched&lt;/td&gt;&lt;td class="" style=" background:#5cb85c; None;" colspan="" rowspan=""&gt;Matched&lt;/td&gt;&lt;td class="" style=" background:#5cb85c; None;" colspan="" rowspan=""&gt;&lt;/td&gt;&lt;td class="" style=" background:#5cb85c; None;" colspan="" rowspan=""&gt;NETDEAL&lt;/td&gt;&lt;td class="" style=" background:#5cb85c; None;" colspan="" rowspan=""&gt;FUNDA&lt;/td&gt;&lt;td class="" style=" background:#5cb85c; None;" colspan="" rowspan=""&gt;10/14/2019&lt;/td&gt;&lt;td class="" style=" background:#5cb85c; None;" colspan="" rowspan=""&gt;12/12/2012&lt;/td&gt;&lt;td class="" style=" background:#5cb85c; None;" colspan="" rowspan=""&gt;***&lt;/td&gt;&lt;/tr&gt;&lt;tr class="" style=""&gt;&lt;td class="" style=" background:#5cb85c; None;" colspan="" rowspan=""&gt;AUTOQTP4XXX&lt;/td&gt;&lt;td class="" style=" background:#5cb85c; None;" colspan="" rowspan=""&gt;GBP&lt;/td&gt;&lt;td class="" style=" background:#5cb85c; None;" colspan="" rowspan=""&gt;1,000.00&lt;/td&gt;&lt;td class="" style=" background:#5cb85c; None;" colspan="" rowspan=""&gt;NETTED&lt;/td&gt;&lt;td class="" style=" background:#5cb85c; None;" colspan="" rowspan=""&gt;NET&lt;/td&gt;&lt;td class="" style=" background:#5cb85c; None;" colspan="" rowspan=""&gt;0.00&lt;/td&gt;&lt;td class="" style=" background:#5cb85c; None;" colspan="" rowspan=""&gt;NETTED&lt;/td&gt;&lt;td class="" style=" background:#5cb85c; None;" colspan="" rowspan=""&gt;NET&lt;/td&gt;&lt;td class="" style=" background:#5cb85c; None;" colspan="" rowspan=""&gt;10/14/2019 12:43:44 PM&lt;/td&gt;&lt;td class="" style=" background:#5cb85c; None;" colspan="" rowspan=""&gt;Matched&lt;/td&gt;&lt;td class="" style=" background:#5cb85c; None;" colspan="" rowspan=""&gt;Matched&lt;/td&gt;&lt;td class="" style=" background:#5cb85c; None;" colspan="" rowspan=""&gt;&lt;/td&gt;&lt;td class="" style=" background:#5cb85c; None;" colspan="" rowspan=""&gt;NETDEAL&lt;/td&gt;&lt;td class="" style=" background:#5cb85c; None;" colspan="" rowspan=""&gt;FUNDA&lt;/td&gt;&lt;td class="" style=" background:#5cb85c; None;" colspan="" rowspan=""&gt;10/14/2019&lt;/td&gt;&lt;td class="" style=" background:#5cb85c; None;" colspan="" rowspan=""&gt;12/12/2012&lt;/td&gt;&lt;td class="" style=" background:#5cb85c; None;" colspan="" rowspan=""&gt;***&lt;/td&gt;&lt;/tr&gt;&lt;tr class="" style=""&gt;&lt;td class="" style=" background:#5cb85c; None;" colspan="" rowspan=""&gt;AUTOQTP4XXX&lt;/td&gt;&lt;td class="" style=" background:#5cb85c; None;" colspan="" rowspan=""&gt;USD&lt;/td&gt;&lt;td class="" style=" background:#5cb85c; None;" colspan="" rowspan=""&gt;2,000.00&lt;/td&gt;&lt;td class="" style=" background:#5cb85c; None;" colspan="" rowspan=""&gt;&lt;/td&gt;&lt;td class="" style=" background:#5cb85c; None;" colspan="" rowspan=""&gt;&lt;/td&gt;&lt;td class="" style=" background:#5cb85c; None;" colspan="" rowspan=""&gt;0.00&lt;/td&gt;&lt;td class="" style=" background:#5cb85c; None;" colspan="" rowspan=""&gt;NETTED&lt;/td&gt;&lt;td class="" style=" background:#5cb85c; None;" colspan="" rowspan=""&gt;NET&lt;/td&gt;&lt;td class="" style=" background:#5cb85c; None;" colspan="" rowspan=""&gt;10/14/2019 12:43:44 PM&lt;/td&gt;&lt;td class="" style=" background:#5cb85c; None;" colspan="" rowspan=""&gt;Matched&lt;/td&gt;&lt;td class="" style=" background:#5cb85c; None;" colspan="" rowspan=""&gt;Matched&lt;/td&gt;&lt;td class="" style=" background:#5cb85c; None;" colspan="" rowspan=""&gt;&lt;/td&gt;&lt;td class="" style=" background:#5cb85c; None;" colspan="" rowspan=""&gt;NETDEAL&lt;/td&gt;&lt;td class="" style=" background:#5cb85c; None;" colspan="" rowspan=""&gt;&lt;/td&gt;&lt;td class="" style=" background:#5cb85c; None;" colspan="" rowspan=""&gt;10/14/2019&lt;/td&gt;&lt;td class="" style=" background:#5cb85c; None;" colspan="" rowspan=""&gt;12/12/2012&lt;/td&gt;&lt;td class="" style=" background:#5cb85c; None;" colspan="" rowspan=""&gt;***&lt;/td&gt;&lt;/tr&gt;&lt;/tbody&gt;&lt;tbody class="" style=""&gt;&lt;/tbody&gt;&lt;/table&gt;&lt;table&gt;
    &lt;tbody&gt;
        &lt;tr&gt;
            &lt;th style="background:#5cb85c"&gt;PASS&lt;/th&gt;
            &lt;th style="background:#d9534f"&gt;FAIL&lt;/th&gt;
            &lt;th style="background:#b7b7b7"&gt;SKIP&lt;/th&gt;
            &lt;th style="background:#727fbf"&gt;MISSING ROW,COLUMN&lt;/th&gt;
            &lt;th style="background:#bfbc72"&gt;ADDITIONAL ROW,COLUMN&lt;/th&gt;
            &lt;th style="background:#f0ad4e"&gt;KEY COLUMN&lt;/th&gt;
        &lt;/tr&gt;
        &lt;tr&gt;
            &lt;td style="background:#5cb85c"&gt;Matched value&lt;/td&gt;
            &lt;td style="background:#d9534f"&gt;Baseline value
Application value&lt;/td&gt;
            &lt;td style="background:#b7b7b7"&gt;Baseline value
Application value&lt;/td&gt;
            &lt;td style="background:#727fbf"&gt;Baseline value&lt;/td&gt;
            &lt;td style="background:#bfbc72"&gt;Application value&lt;/td&gt;
            &lt;td style="background:#f0ad4e"&gt;Key column name&lt;/td&gt;
        &lt;/tr&gt;
    &lt;/tbody&gt;&lt;caption&gt;&lt;b&gt;Legend&lt;/b&gt;&lt;/caption&gt;
&lt;/table&gt;
        &lt;/div&gt;</msg>
<status status="PASS" starttime="20200629 14:55:24.387" endtime="20200629 14:55:24.524"></status>
</kw>
<status status="PASS" starttime="20200629 14:55:24.386" endtime="20200629 14:55:24.524" critical="yes"></status>
</test>
<test id="s1-s1-t3" name="Html All Table Data">
<kw name="Verify Html All Table Data" library="BaselineVerification">
<doc>| Usage |
        To Verify HTML data from all the HTML tables in the application.</doc>
<arguments>
<arg>html_file_path=${html2}</arg>
<arg>html_table_xpath=${html_table3_xpath}</arg>
<arg>baseline_excel_file_path=${baseline2}</arg>
<arg>primary_column_name=${primary_column_name3}</arg>
</arguments>
<msg timestamp="20200629 14:55:25.091" level="INFO" html="yes">&lt;div class="" style=""&gt;&lt;table id="NewReport"&gt;&lt;tbody class="" style=""&gt;&lt;tr class="" style=""&gt;&lt;td class="" style=" background:#5cb85c; None;" colspan="" rowspan=""&gt;Common Reference&lt;/td&gt;&lt;td class="" style=" background:#5cb85c; None;" colspan="" rowspan=""&gt;Counter Party&lt;/td&gt;&lt;td class="" style=" background:#5cb85c; None;" colspan="" rowspan=""&gt;Currency and Balance&lt;/td&gt;&lt;td class="" style=" background:#5cb85c; None;" colspan="" rowspan=""&gt;Currency and Interest Amount&lt;/td&gt;&lt;td class="" style=" background:#5cb85c; None;" colspan="" rowspan=""&gt;Day Count Fraction&lt;/td&gt;&lt;td class="" style=" background:#5cb85c; None;" colspan="" rowspan=""&gt;Financial Status&lt;/td&gt;&lt;td class="" style=" background:#5cb85c; None;" colspan="" rowspan=""&gt;Fund or Instructing Party&lt;/td&gt;&lt;td class="" style=" background:#5cb85c; None;" colspan="" rowspan=""&gt;Instruction Status&lt;/td&gt;&lt;td class="" style=" background:#5cb85c; None;" colspan="" rowspan=""&gt;Interest Due Date&lt;/td&gt;&lt;td class="" style=" background:#5cb85c; None;" colspan="" rowspan=""&gt;Interest Rate&lt;/td&gt;&lt;td class="" style=" background:#5cb85c; None;" colspan="" rowspan=""&gt;Last Day of the Next Interest Period&lt;/td&gt;&lt;td class="" style=" background:#5cb85c; None;" colspan="" rowspan=""&gt;Number of Days&lt;/td&gt;&lt;td class="" style=" background:#5cb85c; None;" colspan="" rowspan=""&gt;Party A&lt;/td&gt;&lt;td class="" style=" background:#5cb85c; None;" colspan="" rowspan=""&gt;Party A's Role&lt;/td&gt;&lt;td class="" style=" background:#5cb85c; None;" colspan="" rowspan=""&gt;Party B&lt;/td&gt;&lt;td class="" style=" background:#5cb85c; None;" colspan="" rowspan=""&gt;Period of Notice&lt;/td&gt;&lt;td class="" style=" background:#5cb85c; None;" colspan="" rowspan=""&gt;Principal Amount to be Settled&lt;/td&gt;&lt;td class="" style=" background:#5cb85c; None;" colspan="" rowspan=""&gt;Receiving Agent&lt;/td&gt;&lt;td class="" style=" background:#5cb85c; None;" colspan="" rowspan=""&gt;Related Reference&lt;/td&gt;&lt;td class="" style=" background:#5cb85c; None;" colspan="" rowspan=""&gt;Scope of Operation&lt;/td&gt;&lt;td class="" style=" background:#5cb85c; None;" colspan="" rowspan=""&gt;Sender's Reference&lt;/td&gt;&lt;td class="" style=" background:#5cb85c; None;" colspan="" rowspan=""&gt;Trade Date&lt;/td&gt;&lt;td class="" style=" background:#5cb85c; None;" colspan="" rowspan=""&gt;Type of Event&lt;/td&gt;&lt;td class="" style=" background:#5cb85c; None;" colspan="" rowspan=""&gt;Type of Operation&lt;/td&gt;&lt;td class="" style=" background:#5cb85c; None;" colspan="" rowspan=""&gt;Value Date&lt;/td&gt;&lt;/tr&gt;&lt;/tbody&gt;&lt;tbody class="" style=""&gt;&lt;tr class="" style=""&gt;&lt;td class="" style=" background:#5cb85c; None;" colspan="" rowspan=""&gt;AUTOP32344AUTOP4&lt;/td&gt;&lt;td class="" style=" background:#5cb85c; None;" colspan="" rowspan=""&gt;AUTOQTP4XXX&lt;/td&gt;&lt;td class="" style=" background:#5cb85c; None;" colspan="" rowspan=""&gt;INR100123,&lt;/td&gt;&lt;td class="" style=" background:#5cb85c; None;" colspan="" rowspan=""&gt;&lt;/td&gt;&lt;td class="" style=" background:#5cb85c; None;" colspan="" rowspan=""&gt;&lt;/td&gt;&lt;td class="" style=" background:#5cb85c; None;" colspan="" rowspan=""&gt;Unmatched&lt;/td&gt;&lt;td class="" style=" background:#5cb85c; None;" colspan="" rowspan=""&gt;&lt;/td&gt;&lt;td class="" style=" background:#5cb85c; None;" colspan="" rowspan=""&gt;Unmatched&lt;/td&gt;&lt;td class="" style=" background:#5cb85c; None;" colspan="" rowspan=""&gt;&lt;/td&gt;&lt;td class="" style=" background:#5cb85c; None;" colspan="" rowspan=""&gt;123,44&lt;/td&gt;&lt;td class="" style=" background:#5cb85c; None;" colspan="" rowspan=""&gt;&lt;/td&gt;&lt;td class="" style=" background:#5cb85c; None;" colspan="" rowspan=""&gt;&lt;/td&gt;&lt;td class="" style=" background:#5cb85c; None;" colspan="" rowspan=""&gt;AUTOQTP3XXX&lt;/td&gt;&lt;td class="" style=" background:#5cb85c; None;" colspan="" rowspan=""&gt;L&lt;/td&gt;&lt;td class="" style=" background:#5cb85c; None;" colspan="" rowspan=""&gt;AUTOQTP4XXX&lt;/td&gt;&lt;td class="" style=" background:#5cb85c; None;" colspan="" rowspan=""&gt;456&lt;/td&gt;&lt;td class="" style=" background:#5cb85c; None;" colspan="" rowspan=""&gt;&lt;/td&gt;&lt;td class="" style=" background:#5cb85c; None;" colspan="" rowspan=""&gt;BGLTEST3XXX&amp;amp;BGLTEST4XXX&lt;/td&gt;&lt;td class="" style=" background:#5cb85c; None;" colspan="" rowspan=""&gt;SSCCN096RPTD1&lt;/td&gt;&lt;td class="" style=" background:#5cb85c; None;" colspan="" rowspan=""&gt;&lt;/td&gt;&lt;td class="" style=" background:#5cb85c; None;" colspan="" rowspan=""&gt;SSCCN096RPTD1&lt;/td&gt;&lt;td class="" style=" background:#5cb85c; None;" colspan="" rowspan=""&gt;20161221&lt;/td&gt;&lt;td class="" style=" background:#5cb85c; None;" colspan="" rowspan=""&gt;CONF&lt;/td&gt;&lt;td class="" style=" background:#5cb85c; None;" colspan="" rowspan=""&gt;NEWT&lt;/td&gt;&lt;td class="" style=" background:#5cb85c; None;" colspan="" rowspan=""&gt;20191221&lt;/td&gt;&lt;/tr&gt;&lt;tr class="" style=""&gt;&lt;td class="" style=" background:#5cb85c; None;" colspan="" rowspan=""&gt;&lt;/td&gt;&lt;td class="" style=" background:#5cb85c; None;" colspan="" rowspan=""&gt;&lt;/td&gt;&lt;td class="" style=" background:#5cb85c; None;" colspan="" rowspan=""&gt;&lt;/td&gt;&lt;td class="" style=" background:#5cb85c; None;" colspan="" rowspan=""&gt;&lt;/td&gt;&lt;td class="" style=" background:#5cb85c; None;" colspan="" rowspan=""&gt;&lt;/td&gt;&lt;td class="" style=" background:#5cb85c; None;" colspan="" rowspan=""&gt;Unmatched&lt;/td&gt;&lt;td class="" style=" background:#5cb85c; None;" colspan="" rowspan=""&gt;&lt;/td&gt;&lt;td class="" style=" background:#5cb85c; None;" colspan="" rowspan=""&gt;&lt;/td&gt;&lt;td class="" style=" background:#5cb85c; None;" colspan="" rowspan=""&gt;&lt;/td&gt;&lt;td class="" style=" background:#5cb85c; None;" colspan="" rowspan=""&gt;&lt;/td&gt;&lt;td class="" style=" background:#5cb85c; None;" colspan="" rowspan=""&gt;&lt;/td&gt;&lt;td class="" style=" background:#5cb85c; None;" colspan="" rowspan=""&gt;&lt;/td&gt;&lt;td class="" style=" background:#5cb85c; None;" colspan="" rowspan=""&gt;&lt;/td&gt;&lt;td class="" style=" background:#5cb85c; None;" colspan="" rowspan=""&gt;&lt;/td&gt;&lt;td class="" style=" background:#5cb85c; None;" colspan="" rowspan=""&gt;&lt;/td&gt;&lt;td class="" style=" background:#5cb85c; None;" colspan="" rowspan=""&gt;&lt;/td&gt;&lt;td class="" style=" background:#5cb85c; None;" colspan="" rowspan=""&gt;&lt;/td&gt;&lt;td class="" style=" background:#5cb85c; None;" colspan="" rowspan=""&gt;&lt;/td&gt;&lt;td class="" style=" background:#5cb85c; None;" colspan="" rowspan=""&gt;SSCCNRPTCP2&lt;/td&gt;&lt;td class="" style=" background:#5cb85c; None;" colspan="" rowspan=""&gt;&lt;/td&gt;&lt;td class="" style=" background:#5cb85c; None;" colspan="" rowspan=""&gt;SSCCNRPTCP2&lt;/td&gt;&lt;td class="" style=" background:#5cb85c; None;" colspan="" rowspan=""&gt;&lt;/td&gt;&lt;td class="" style=" background:#5cb85c; None;" colspan="" rowspan=""&gt;&lt;/td&gt;&lt;td class="" style=" background:#5cb85c; None;" colspan="" rowspan=""&gt;&lt;/td&gt;&lt;td class="" style=" background:#5cb85c; None;" colspan="" rowspan=""&gt;&lt;/td&gt;&lt;/tr&gt;&lt;tr class="" style=""&gt;&lt;td class="" style=" background:#5cb85c; None;" colspan="" rowspan=""&gt;&lt;/td&gt;&lt;td class="" style=" background:#5cb85c; None;" colspan="" rowspan=""&gt;&lt;/td&gt;&lt;td class="" style=" background:#5cb85c; None;" colspan="" rowspan=""&gt;&lt;/td&gt;&lt;td class="" style=" background:#5cb85c; None;" colspan="" rowspan=""&gt;&lt;/td&gt;&lt;td class="" style=" background:#5cb85c; None;" colspan="" rowspan=""&gt;&lt;/td&gt;&lt;td class="" style=" background:#5cb85c; None;" colspan="" rowspan=""&gt;&lt;/td&gt;&lt;td class="" style=" background:#5cb85c; None;" colspan="" rowspan=""&gt;&lt;/td&gt;&lt;td class="" style=" background:#5cb85c; None;" colspan="" rowspan=""&gt;&lt;/td&gt;&lt;td class="" style=" background:#5cb85c; None;" colspan="" rowspan=""&gt;&lt;/td&gt;&lt;td class="" style=" background:#5cb85c; None;" colspan="" rowspan=""&gt;&lt;/td&gt;&lt;td class="" style=" background:#5cb85c; None;" colspan="" rowspan=""&gt;&lt;/td&gt;&lt;td class="" style=" background:#5cb85c; None;" colspan="" rowspan=""&gt;&lt;/td&gt;&lt;td class="" style=" background:#5cb85c; None;" colspan="" rowspan=""&gt;&lt;/td&gt;&lt;td class="" style=" background:#5cb85c; None;" colspan="" rowspan=""&gt;&lt;/td&gt;&lt;td class="" style=" background:#5cb85c; None;" colspan="" rowspan=""&gt;&lt;/td&gt;&lt;td class="" style=" background:#5cb85c; None;" colspan="" rowspan=""&gt;&lt;/td&gt;&lt;td class="" style=" background:#5cb85c; None;" colspan="" rowspan=""&gt;&lt;/td&gt;&lt;td class="" style=" background:#5cb85c; None;" colspan="" rowspan=""&gt;&lt;/td&gt;&lt;td class="" style=" background:#5cb85c; None;" colspan="" rowspan=""&gt;SSCCNRTPADAPP&lt;/td&gt;&lt;td class="" style=" background:#5cb85c; None;" colspan="" rowspan=""&gt;&lt;/td&gt;&lt;td class="" style=" background:#5cb85c; None;" colspan="" rowspan=""&gt;SSCCNRTPADAPP&lt;/td&gt;&lt;td class="" style=" background:#5cb85c; None;" colspan="" rowspan=""&gt;&lt;/td&gt;&lt;td class="" style=" background:#5cb85c; None;" colspan="" rowspan=""&gt;&lt;/td&gt;&lt;td class="" style=" background:#5cb85c; None;" colspan="" rowspan=""&gt;&lt;/td&gt;&lt;td class="" style=" background:#5cb85c; None;" colspan="" rowspan=""&gt;&lt;/td&gt;&lt;/tr&gt;&lt;tr class="" style=""&gt;&lt;td class="" style=" background:#5cb85c; None;" colspan="" rowspan=""&gt;&lt;/td&gt;&lt;td class="" style=" background:#5cb85c; None;" colspan="" rowspan=""&gt;&lt;/td&gt;&lt;td class="" style=" background:#5cb85c; None;" colspan="" rowspan=""&gt;&lt;/td&gt;&lt;td class="" style=" background:#5cb85c; None;" colspan="" rowspan=""&gt;&lt;/td&gt;&lt;td class="" style=" background:#5cb85c; None;" colspan="" rowspan=""&gt;&lt;/td&gt;&lt;td class="" style=" background:#5cb85c; None;" colspan="" rowspan=""&gt;&lt;/td&gt;&lt;td class="" style=" background:#5cb85c; None;" colspan="" rowspan=""&gt;&lt;/td&gt;&lt;td class="" style=" background:#5cb85c; None;" colspan="" rowspan=""&gt;&lt;/td&gt;&lt;td class="" style=" background:#5cb85c; None;" colspan="" rowspan=""&gt;&lt;/td&gt;&lt;td class="" style=" background:#5cb85c; None;" colspan="" rowspan=""&gt;&lt;/td&gt;&lt;td class="" style=" background:#5cb85c; None;" colspan="" rowspan=""&gt;&lt;/td&gt;&lt;td class="" style=" background:#5cb85c; None;" colspan="" rowspan=""&gt;&lt;/td&gt;&lt;td class="" style=" background:#5cb85c; None;" colspan="" rowspan=""&gt;&lt;/td&gt;&lt;td class="" style=" background:#5cb85c; None;" colspan="" rowspan=""&gt;&lt;/td&gt;&lt;td class="" style=" background:#5cb85c; None;" colspan="" rowspan=""&gt;&lt;/td&gt;&lt;td class="" style=" background:#5cb85c; None;" colspan="" rowspan=""&gt;&lt;/td&gt;&lt;td class="" style=" background:#5cb85c; None;" colspan="" rowspan=""&gt;&lt;/td&gt;&lt;td class="" style=" background:#5cb85c; None;" colspan="" rowspan=""&gt;&lt;/td&gt;&lt;td class="" style=" background:#5cb85c; None;" colspan="" rowspan=""&gt;SSCCNRPTMD1%SSCCNRPTDM1&lt;/td&gt;&lt;td class="" style=" background:#5cb85c; None;" colspan="" rowspan=""&gt;&lt;/td&gt;&lt;td class="" style=" background:#5cb85c; None;" colspan="" rowspan=""&gt;SSCCNRPTMD1%SSCCNRPTDM1&lt;/td&gt;&lt;td class="" style=" background:#5cb85c; None;" colspan="" rowspan=""&gt;&lt;/td&gt;&lt;td class="" style=" background:#5cb85c; None;" colspan="" rowspan=""&gt;&lt;/td&gt;&lt;td class="" style=" background:#5cb85c; None;" colspan="" rowspan=""&gt;&lt;/td&gt;&lt;td class="" style=" background:#5cb85c; None;" colspan="" rowspan=""&gt;&lt;/td&gt;&lt;/tr&gt;&lt;/tbody&gt;&lt;tbody class="" style=""&gt;&lt;/tbody&gt;&lt;/table&gt;&lt;table&gt;
    &lt;tbody&gt;
        &lt;tr&gt;
            &lt;th style="background:#5cb85c"&gt;PASS&lt;/th&gt;
            &lt;th style="background:#d9534f"&gt;FAIL&lt;/th&gt;
            &lt;th style="background:#b7b7b7"&gt;SKIP&lt;/th&gt;
            &lt;th style="background:#727fbf"&gt;MISSING ROW,COLUMN&lt;/th&gt;
            &lt;th style="background:#bfbc72"&gt;ADDITIONAL ROW,COLUMN&lt;/th&gt;
            &lt;th style="background:#f0ad4e"&gt;KEY COLUMN&lt;/th&gt;
        &lt;/tr&gt;
        &lt;tr&gt;
            &lt;td style="background:#5cb85c"&gt;Matched value&lt;/td&gt;
            &lt;td style="background:#d9534f"&gt;Baseline value
Application value&lt;/td&gt;
            &lt;td style="background:#b7b7b7"&gt;Baseline value
Application value&lt;/td&gt;
            &lt;td style="background:#727fbf"&gt;Baseline value&lt;/td&gt;
            &lt;td style="background:#bfbc72"&gt;Application value&lt;/td&gt;
            &lt;td style="background:#f0ad4e"&gt;Key column name&lt;/td&gt;
        &lt;/tr&gt;
    &lt;/tbody&gt;&lt;caption&gt;&lt;b&gt;Legend&lt;/b&gt;&lt;/caption&gt;
&lt;/table&gt;
        &lt;/div&gt;</msg>
<status status="PASS" starttime="20200629 14:55:24.527" endtime="20200629 14:55:25.092"></status>
</kw>
<status status="PASS" starttime="20200629 14:55:24.525" endtime="20200629 14:55:25.092" critical="yes"></status>
</test>
<test id="s1-s1-t4" name="Html All Table Data Sheet2">
<kw name="Verify Html All Table Data" library="BaselineVerification">
<doc>| Usage |
        To Verify HTML data from all the HTML tables in the application.</doc>
<arguments>
<arg>html_file_path=${html2}</arg>
<arg>html_table_xpath=${html_table3_xpath}</arg>
<arg>baseline_excel_file_path=${baseline2}</arg>
<arg>baseline_sheet_name=Sheet2</arg>
<arg>primary_column_name=${primary_column_name3}</arg>
</arguments>
<msg timestamp="20200629 14:55:25.614" level="INFO" html="yes">&lt;div class="" style=""&gt;&lt;table id="NewReport"&gt;&lt;tbody class="" style=""&gt;&lt;tr class="" style=""&gt;&lt;td class="" style=" background:#5cb85c; None;" colspan="" rowspan=""&gt;Common Reference&lt;/td&gt;&lt;td class="" style=" background:#5cb85c; None;" colspan="" rowspan=""&gt;Counter Party&lt;/td&gt;&lt;td class="" style=" background:#5cb85c; None;" colspan="" rowspan=""&gt;Currency and Balance&lt;/td&gt;&lt;td class="" style=" background:#5cb85c; None;" colspan="" rowspan=""&gt;Currency and Interest Amount&lt;/td&gt;&lt;td class="" style=" background:#5cb85c; None;" colspan="" rowspan=""&gt;Day Count Fraction&lt;/td&gt;&lt;td class="" style=" background:#5cb85c; None;" colspan="" rowspan=""&gt;Financial Status&lt;/td&gt;&lt;td class="" style=" background:#5cb85c; None;" colspan="" rowspan=""&gt;Fund or Instructing Party&lt;/td&gt;&lt;td class="" style=" background:#5cb85c; None;" colspan="" rowspan=""&gt;Instruction Status&lt;/td&gt;&lt;td class="" style=" background:#5cb85c; None;" colspan="" rowspan=""&gt;Interest Due Date&lt;/td&gt;&lt;td class="" style=" background:#5cb85c; None;" colspan="" rowspan=""&gt;Interest Rate&lt;/td&gt;&lt;td class="" style=" background:#5cb85c; None;" colspan="" rowspan=""&gt;Last Day of the Next Interest Period&lt;/td&gt;&lt;td class="" style=" background:#5cb85c; None;" colspan="" rowspan=""&gt;Number of Days&lt;/td&gt;&lt;td class="" style=" background:#5cb85c; None;" colspan="" rowspan=""&gt;Party A&lt;/td&gt;&lt;td class="" style=" background:#5cb85c; None;" colspan="" rowspan=""&gt;Party A's Role&lt;/td&gt;&lt;td class="" style=" background:#5cb85c; None;" colspan="" rowspan=""&gt;Party B&lt;/td&gt;&lt;td class="" style=" background:#5cb85c; None;" colspan="" rowspan=""&gt;Period of Notice&lt;/td&gt;&lt;td class="" style=" background:#5cb85c; None;" colspan="" rowspan=""&gt;Principal Amount to be Settled&lt;/td&gt;&lt;td class="" style=" background:#5cb85c; None;" colspan="" rowspan=""&gt;Receiving Agent&lt;/td&gt;&lt;td class="" style=" background:#5cb85c; None;" colspan="" rowspan=""&gt;Related Reference&lt;/td&gt;&lt;td class="" style=" background:#5cb85c; None;" colspan="" rowspan=""&gt;Scope of Operation&lt;/td&gt;&lt;td class="" style=" background:#5cb85c; None;" colspan="" rowspan=""&gt;Sender's Reference&lt;/td&gt;&lt;td class="" style=" background:#5cb85c; None;" colspan="" rowspan=""&gt;Trade Date&lt;/td&gt;&lt;td class="" style=" background:#5cb85c; None;" colspan="" rowspan=""&gt;Type of Event&lt;/td&gt;&lt;td class="" style=" background:#5cb85c; None;" colspan="" rowspan=""&gt;Type of Operation&lt;/td&gt;&lt;td class="" style=" background:#5cb85c; None;" colspan="" rowspan=""&gt;Value Date&lt;/td&gt;&lt;/tr&gt;&lt;/tbody&gt;&lt;tbody class="" style=""&gt;&lt;tr class="" style=""&gt;&lt;td class="" style=" background:#5cb85c; None;" colspan="" rowspan=""&gt;AUTOP32344AUTOP4&lt;/td&gt;&lt;td class="" style=" background:#5cb85c; None;" colspan="" rowspan=""&gt;AUTOQTP4XXX&lt;/td&gt;&lt;td class="" style=" background:#5cb85c; None;" colspan="" rowspan=""&gt;INR100123,&lt;/td&gt;&lt;td class="" style=" background:#5cb85c; None;" colspan="" rowspan=""&gt;&lt;/td&gt;&lt;td class="" style=" background:#5cb85c; None;" colspan="" rowspan=""&gt;&lt;/td&gt;&lt;td class="" style=" background:#5cb85c; None;" colspan="" rowspan=""&gt;Unmatched&lt;/td&gt;&lt;td class="" style=" background:#5cb85c; None;" colspan="" rowspan=""&gt;&lt;/td&gt;&lt;td class="" style=" background:#5cb85c; None;" colspan="" rowspan=""&gt;Unmatched&lt;/td&gt;&lt;td class="" style=" background:#5cb85c; None;" colspan="" rowspan=""&gt;&lt;/td&gt;&lt;td class="" style=" background:#5cb85c; None;" colspan="" rowspan=""&gt;123,44&lt;/td&gt;&lt;td class="" style=" background:#5cb85c; None;" colspan="" rowspan=""&gt;&lt;/td&gt;&lt;td class="" style=" background:#5cb85c; None;" colspan="" rowspan=""&gt;&lt;/td&gt;&lt;td class="" style=" background:#5cb85c; None;" colspan="" rowspan=""&gt;AUTOQTP3XXX&lt;/td&gt;&lt;td class="" style=" background:#5cb85c; None;" colspan="" rowspan=""&gt;L&lt;/td&gt;&lt;td class="" style=" background:#5cb85c; None;" colspan="" rowspan=""&gt;AUTOQTP4XXX&lt;/td&gt;&lt;td class="" style=" background:#5cb85c; None;" colspan="" rowspan=""&gt;456&lt;/td&gt;&lt;td class="" style=" background:#5cb85c; None;" colspan="" rowspan=""&gt;&lt;/td&gt;&lt;td class="" style=" background:#5cb85c; None;" colspan="" rowspan=""&gt;BGLTEST3XXX&amp;amp;BGLTEST4XXX&lt;/td&gt;&lt;td class="" style=" background:#5cb85c; None;" colspan="" rowspan=""&gt;SSCCN096RPTD1&lt;/td&gt;&lt;td class="" style=" background:#5cb85c; None;" colspan="" rowspan=""&gt;&lt;/td&gt;&lt;td class="" style=" background:#5cb85c; None;" colspan="" rowspan=""&gt;SSCCN096RPTD1&lt;/td&gt;&lt;td class="" style=" background:#5cb85c; None;" colspan="" rowspan=""&gt;20161221&lt;/td&gt;&lt;td class="" style=" background:#5cb85c; None;" colspan="" rowspan=""&gt;CONF&lt;/td&gt;&lt;td class="" style=" background:#5cb85c; None;" colspan="" rowspan=""&gt;NEWT&lt;/td&gt;&lt;td class="" style=" background:#5cb85c; None;" colspan="" rowspan=""&gt;20191221&lt;/td&gt;&lt;/tr&gt;&lt;tr class="" style=""&gt;&lt;td class="" style=" background:#5cb85c; None;" colspan="" rowspan=""&gt;&lt;/td&gt;&lt;td class="" style=" background:#5cb85c; None;" colspan="" rowspan=""&gt;&lt;/td&gt;&lt;td class="" style=" background:#5cb85c; None;" colspan="" rowspan=""&gt;&lt;/td&gt;&lt;td class="" style=" background:#5cb85c; None;" colspan="" rowspan=""&gt;&lt;/td&gt;&lt;td class="" style=" background:#5cb85c; None;" colspan="" rowspan=""&gt;&lt;/td&gt;&lt;td class="" style=" background:#5cb85c; None;" colspan="" rowspan=""&gt;Unmatched&lt;/td&gt;&lt;td class="" style=" background:#5cb85c; None;" colspan="" rowspan=""&gt;&lt;/td&gt;&lt;td class="" style=" background:#5cb85c; None;" colspan="" rowspan=""&gt;&lt;/td&gt;&lt;td class="" style=" background:#5cb85c; None;" colspan="" rowspan=""&gt;&lt;/td&gt;&lt;td class="" style=" background:#5cb85c; None;" colspan="" rowspan=""&gt;&lt;/td&gt;&lt;td class="" style=" background:#5cb85c; None;" colspan="" rowspan=""&gt;&lt;/td&gt;&lt;td class="" style=" background:#5cb85c; None;" colspan="" rowspan=""&gt;&lt;/td&gt;&lt;td class="" style=" background:#5cb85c; None;" colspan="" rowspan=""&gt;&lt;/td&gt;&lt;td class="" style=" background:#5cb85c; None;" colspan="" rowspan=""&gt;&lt;/td&gt;&lt;td class="" style=" background:#5cb85c; None;" colspan="" rowspan=""&gt;&lt;/td&gt;&lt;td class="" style=" background:#5cb85c; None;" colspan="" rowspan=""&gt;&lt;/td&gt;&lt;td class="" style=" background:#5cb85c; None;" colspan="" rowspan=""&gt;&lt;/td&gt;&lt;td class="" style=" background:#5cb85c; None;" colspan="" rowspan=""&gt;&lt;/td&gt;&lt;td class="" style=" background:#5cb85c; None;" colspan="" rowspan=""&gt;SSCCNRPTCP2&lt;/td&gt;&lt;td class="" style=" background:#5cb85c; None;" colspan="" rowspan=""&gt;&lt;/td&gt;&lt;td class="" style=" background:#5cb85c; None;" colspan="" rowspan=""&gt;SSCCNRPTCP2&lt;/td&gt;&lt;td class="" style=" background:#5cb85c; None;" colspan="" rowspan=""&gt;&lt;/td&gt;&lt;td class="" style=" background:#5cb85c; None;" colspan="" rowspan=""&gt;&lt;/td&gt;&lt;td class="" style=" background:#5cb85c; None;" colspan="" rowspan=""&gt;&lt;/td&gt;&lt;td class="" style=" background:#5cb85c; None;" colspan="" rowspan=""&gt;&lt;/td&gt;&lt;/tr&gt;&lt;tr class="" style=""&gt;&lt;td class="" style=" background:#5cb85c; None;" colspan="" rowspan=""&gt;&lt;/td&gt;&lt;td class="" style=" background:#5cb85c; None;" colspan="" rowspan=""&gt;&lt;/td&gt;&lt;td class="" style=" background:#5cb85c; None;" colspan="" rowspan=""&gt;&lt;/td&gt;&lt;td class="" style=" background:#5cb85c; None;" colspan="" rowspan=""&gt;&lt;/td&gt;&lt;td class="" style=" background:#5cb85c; None;" colspan="" rowspan=""&gt;&lt;/td&gt;&lt;td class="" style=" background:#5cb85c; None;" colspan="" rowspan=""&gt;&lt;/td&gt;&lt;td class="" style=" background:#5cb85c; None;" colspan="" rowspan=""&gt;&lt;/td&gt;&lt;td class="" style=" background:#5cb85c; None;" colspan="" rowspan=""&gt;&lt;/td&gt;&lt;td class="" style=" background:#5cb85c; None;" colspan="" rowspan=""&gt;&lt;/td&gt;&lt;td class="" style=" background:#5cb85c; None;" colspan="" rowspan=""&gt;&lt;/td&gt;&lt;td class="" style=" background:#5cb85c; None;" colspan="" rowspan=""&gt;&lt;/td&gt;&lt;td class="" style=" background:#5cb85c; None;" colspan="" rowspan=""&gt;&lt;/td&gt;&lt;td class="" style=" background:#5cb85c; None;" colspan="" rowspan=""&gt;&lt;/td&gt;&lt;td class="" style=" background:#5cb85c; None;" colspan="" rowspan=""&gt;&lt;/td&gt;&lt;td class="" style=" background:#5cb85c; None;" colspan="" rowspan=""&gt;&lt;/td&gt;&lt;td class="" style=" background:#5cb85c; None;" colspan="" rowspan=""&gt;&lt;/td&gt;&lt;td class="" style=" background:#5cb85c; None;" colspan="" rowspan=""&gt;&lt;/td&gt;&lt;td class="" style=" background:#5cb85c; None;" colspan="" rowspan=""&gt;&lt;/td&gt;&lt;td class="" style=" background:#5cb85c; None;" colspan="" rowspan=""&gt;SSCCNRTPADAPP&lt;/td&gt;&lt;td class="" style=" background:#5cb85c; None;" colspan="" rowspan=""&gt;&lt;/td&gt;&lt;td class="" style=" background:#5cb85c; None;" colspan="" rowspan=""&gt;SSCCNRTPADAPP&lt;/td&gt;&lt;td class="" style=" background:#5cb85c; None;" colspan="" rowspan=""&gt;&lt;/td&gt;&lt;td class="" style=" background:#5cb85c; None;" colspan="" rowspan=""&gt;&lt;/td&gt;&lt;td class="" style=" background:#5cb85c; None;" colspan="" rowspan=""&gt;&lt;/td&gt;&lt;td class="" style=" background:#5cb85c; None;" colspan="" rowspan=""&gt;&lt;/td&gt;&lt;/tr&gt;&lt;tr class="" style=""&gt;&lt;td class="" style=" background:#5cb85c; None;" colspan="" rowspan=""&gt;&lt;/td&gt;&lt;td class="" style=" background:#5cb85c; None;" colspan="" rowspan=""&gt;&lt;/td&gt;&lt;td class="" style=" background:#5cb85c; None;" colspan="" rowspan=""&gt;&lt;/td&gt;&lt;td class="" style=" background:#5cb85c; None;" colspan="" rowspan=""&gt;&lt;/td&gt;&lt;td class="" style=" background:#5cb85c; None;" colspan="" rowspan=""&gt;&lt;/td&gt;&lt;td class="" style=" background:#5cb85c; None;" colspan="" rowspan=""&gt;&lt;/td&gt;&lt;td class="" style=" background:#5cb85c; None;" colspan="" rowspan=""&gt;&lt;/td&gt;&lt;td class="" style=" background:#5cb85c; None;" colspan="" rowspan=""&gt;&lt;/td&gt;&lt;td class="" style=" background:#5cb85c; None;" colspan="" rowspan=""&gt;&lt;/td&gt;&lt;td class="" style=" background:#5cb85c; None;" colspan="" rowspan=""&gt;&lt;/td&gt;&lt;td class="" style=" background:#5cb85c; None;" colspan="" rowspan=""&gt;&lt;/td&gt;&lt;td class="" style=" background:#5cb85c; None;" colspan="" rowspan=""&gt;&lt;/td&gt;&lt;td class="" style=" background:#5cb85c; None;" colspan="" rowspan=""&gt;&lt;/td&gt;&lt;td class="" style=" background:#5cb85c; None;" colspan="" rowspan=""&gt;&lt;/td&gt;&lt;td class="" style=" background:#5cb85c; None;" colspan="" rowspan=""&gt;&lt;/td&gt;&lt;td class="" style=" background:#5cb85c; None;" colspan="" rowspan=""&gt;&lt;/td&gt;&lt;td class="" style=" background:#5cb85c; None;" colspan="" rowspan=""&gt;&lt;/td&gt;&lt;td class="" style=" background:#5cb85c; None;" colspan="" rowspan=""&gt;&lt;/td&gt;&lt;td class="" style=" background:#5cb85c; None;" colspan="" rowspan=""&gt;SSCCNRPTMD1%SSCCNRPTDM1&lt;/td&gt;&lt;td class="" style=" background:#5cb85c; None;" colspan="" rowspan=""&gt;&lt;/td&gt;&lt;td class="" style=" background:#5cb85c; None;" colspan="" rowspan=""&gt;SSCCNRPTMD1%SSCCNRPTDM1&lt;/td&gt;&lt;td class="" style=" background:#5cb85c; None;" colspan="" rowspan=""&gt;&lt;/td&gt;&lt;td class="" style=" background:#5cb85c; None;" colspan="" rowspan=""&gt;&lt;/td&gt;&lt;td class="" style=" background:#5cb85c; None;" colspan="" rowspan=""&gt;&lt;/td&gt;&lt;td class="" style=" background:#5cb85c; None;" colspan="" rowspan=""&gt;&lt;/td&gt;&lt;/tr&gt;&lt;/tbody&gt;&lt;tbody class="" style=""&gt;&lt;/tbody&gt;&lt;/table&gt;&lt;table&gt;
    &lt;tbody&gt;
        &lt;tr&gt;
            &lt;th style="background:#5cb85c"&gt;PASS&lt;/th&gt;
            &lt;th style="background:#d9534f"&gt;FAIL&lt;/th&gt;
            &lt;th style="background:#b7b7b7"&gt;SKIP&lt;/th&gt;
            &lt;th style="background:#727fbf"&gt;MISSING ROW,COLUMN&lt;/th&gt;
            &lt;th style="background:#bfbc72"&gt;ADDITIONAL ROW,COLUMN&lt;/th&gt;
            &lt;th style="background:#f0ad4e"&gt;KEY COLUMN&lt;/th&gt;
        &lt;/tr&gt;
        &lt;tr&gt;
            &lt;td style="background:#5cb85c"&gt;Matched value&lt;/td&gt;
            &lt;td style="background:#d9534f"&gt;Baseline value
Application value&lt;/td&gt;
            &lt;td style="background:#b7b7b7"&gt;Baseline value
Application value&lt;/td&gt;
            &lt;td style="background:#727fbf"&gt;Baseline value&lt;/td&gt;
            &lt;td style="background:#bfbc72"&gt;Application value&lt;/td&gt;
            &lt;td style="background:#f0ad4e"&gt;Key column name&lt;/td&gt;
        &lt;/tr&gt;
    &lt;/tbody&gt;&lt;caption&gt;&lt;b&gt;Legend&lt;/b&gt;&lt;/caption&gt;
&lt;/table&gt;
        &lt;/div&gt;</msg>
<status status="PASS" starttime="20200629 14:55:25.095" endtime="20200629 14:55:25.615"></status>
</kw>
<status status="PASS" starttime="20200629 14:55:25.093" endtime="20200629 14:55:25.616" critical="yes"></status>
</test>
<status status="PASS" starttime="20200629 14:55:21.040" endtime="20200629 14:55:25.617"></status>
</suite>
<status status="PASS" starttime="20200629 14:55:21.012" endtime="20200629 14:55:25.620"></status>
</suite>
<statistics>
<total>
<stat pass="4" fail="0">Critical Tests</stat>
<stat pass="4" fail="0">All Tests</stat>
</total>
<tag>
</tag>
<suite>
<stat pass="4" fail="0" id="s1" name="BaselineVerificationRobotTests">BaselineVerificationRobotTests</stat>
<stat pass="4" fail="0" id="s1-s1" name="BaselineVerification">BaselineVerificationRobotTests.BaselineVerification</stat>
</suite>
</statistics>
<errors>
</errors>
</robot>
