<?xml version="1.0" encoding="UTF-8"?>
<robot generator="Robot 3.1.2.1 (Python 3.7.3 on win32)" generated="20200211 14:26:40.055" rpa="false">
<suite id="s1" name="ExcelLibraryExtendedRobotTests" source="D:\UFT_Project_Workspace\ExcelLibraryExtendedRobotTests">
<suite id="s1-s1" name="ExcelLibraryExtended" source="D:\UFT_Project_Workspace\ExcelLibraryExtendedRobotTests\ExcelLibraryExtended">
<suite id="s1-s1-s1" name="ExcelLibraryExtended" source="D:\UFT_Project_Workspace\ExcelLibraryExtendedRobotTests\ExcelLibraryExtended\ExcelLibraryExtended.robot">
<test id="s1-s1-s1-t1" name="Edit Data Xlsx File Without Rownumber">
<kw name="Edit Data Xlsx File" library="ExcelLibraryExtended">
<doc>| Usage |
It updates the data in a xlsx file.</doc>
<arguments>
<arg>${Xlsx_Path}</arg>
<arg>Workflow1.1</arg>
<arg>Pin_Number</arg>
<arg>hello world</arg>
</arguments>
<status status="PASS" starttime="20200211 14:26:42.069" endtime="20200211 14:26:42.397"></status>
</kw>
<doc>By default it selects the first row of the corrosponding columnheader and updates the value.</doc>
<status status="PASS" starttime="20200211 14:26:42.069" endtime="20200211 14:26:42.397" critical="yes"></status>
</test>
<test id="s1-s1-s1-t2" name="Edit Data Xlsx File With Valid Rownumber">
<kw name="Edit Data Xlsx File" library="ExcelLibraryExtended">
<doc>| Usage |
It updates the data in a xlsx file.</doc>
<arguments>
<arg>${Xlsx_Path}</arg>
<arg>Workflow1.1</arg>
<arg>Pin_Number</arg>
<arg>hello world</arg>
<arg>rownumber=5</arg>
</arguments>
<status status="PASS" starttime="20200211 14:26:42.397" endtime="20200211 14:26:42.741"></status>
</kw>
<doc>It selects the fifth row of the corrosponding columnheader and updates the value.</doc>
<status status="PASS" starttime="20200211 14:26:42.397" endtime="20200211 14:26:42.741" critical="yes"></status>
</test>
<test id="s1-s1-s1-t3" name="Edit Data Xlsx File With Valid Rownumber Multiple Times">
<kw name="Edit Data Xlsx File" library="ExcelLibraryExtended">
<doc>| Usage |
It updates the data in a xlsx file.</doc>
<arguments>
<arg>${Xlsx_Path}</arg>
<arg>Workflow1.1</arg>
<arg>Pin_Number</arg>
<arg>hello world</arg>
<arg>rownumber=4</arg>
</arguments>
<status status="PASS" starttime="20200211 14:26:42.757" endtime="20200211 14:26:43.089"></status>
</kw>
<kw name="Edit Data Xlsx File" library="ExcelLibraryExtended">
<doc>| Usage |
It updates the data in a xlsx file.</doc>
<arguments>
<arg>${Xlsx_Path}</arg>
<arg>Workflow1.1</arg>
<arg>Pin_Number</arg>
<arg>ExcelLibraryExtended</arg>
<arg>rownumber=4</arg>
</arguments>
<status status="PASS" starttime="20200211 14:26:43.090" endtime="20200211 14:26:43.403"></status>
</kw>
<doc>It selects the fourth row of the corrosponding columnheader and updates the value for multiple times.</doc>
<status status="PASS" starttime="20200211 14:26:42.741" endtime="20200211 14:26:43.403" critical="yes"></status>
</test>
<test id="s1-s1-s1-t4" name="Edit Data Xlsx File With an Invalid Rownumber">
<kw name="Run Keyword And Return Status" library="BuiltIn">
<doc>Runs the given keyword with given arguments and returns the status as a Boolean value.</doc>
<arguments>
<arg>Edit Data Xlsx File</arg>
<arg>${Xlsx_Path}</arg>
<arg>Workflow1.1</arg>
<arg>Pin_Number</arg>
<arg>hello world</arg>
<arg>rownumber=cc</arg>
</arguments>
<assign>
<var>${Status}</var>
</assign>
<kw name="Edit Data Xlsx File" library="ExcelLibraryExtended">
<doc>| Usage |
It updates the data in a xlsx file.</doc>
<arguments>
<arg>${Xlsx_Path}</arg>
<arg>Workflow1.1</arg>
<arg>Pin_Number</arg>
<arg>hello world</arg>
<arg>rownumber=cc</arg>
</arguments>
<msg timestamp="20200211 14:26:43.417" level="FAIL">Please Provide a valid 'rownumber' as an integer. Given rownumber is: cc</msg>
<status status="FAIL" starttime="20200211 14:26:43.417" endtime="20200211 14:26:43.433"></status>
</kw>
<msg timestamp="20200211 14:26:43.433" level="INFO">${Status} = False</msg>
<status status="PASS" starttime="20200211 14:26:43.417" endtime="20200211 14:26:43.433"></status>
</kw>
<kw name="Run Keyword If" library="BuiltIn">
<doc>Runs the given keyword with the given arguments, if ``condition`` is true.</doc>
<arguments>
<arg>${Status}==True</arg>
<arg>Fail</arg>
<arg>Please Provide a valid 'rownumber' as an integer</arg>
</arguments>
<status status="PASS" starttime="20200211 14:26:43.433" endtime="20200211 14:26:43.433"></status>
</kw>
<doc>It selects the invalid row of the corrosponding columnheader and updates the value. [-ve scenario]</doc>
<status status="PASS" starttime="20200211 14:26:43.416" endtime="20200211 14:26:43.433" critical="yes"></status>
</test>
<status status="PASS" starttime="20200211 14:26:40.149" endtime="20200211 14:26:43.433"></status>
</suite>
<status status="PASS" starttime="20200211 14:26:40.148" endtime="20200211 14:26:43.433"></status>
</suite>
<status status="PASS" starttime="20200211 14:26:40.102" endtime="20200211 14:26:43.433"></status>
</suite>
<statistics>
<total>
<stat pass="4" fail="0">Critical Tests</stat>
<stat pass="4" fail="0">All Tests</stat>
</total>
<tag>
</tag>
<suite>
<stat pass="4" fail="0" id="s1" name="ExcelLibraryExtendedRobotTests">ExcelLibraryExtendedRobotTests</stat>
<stat pass="4" fail="0" id="s1-s1" name="ExcelLibraryExtended">ExcelLibraryExtendedRobotTests.ExcelLibraryExtended</stat>
<stat pass="4" fail="0" id="s1-s1-s1" name="ExcelLibraryExtended">ExcelLibraryExtendedRobotTests.ExcelLibraryExtended.ExcelLibraryExtended</stat>
</suite>
</statistics>
<errors>
</errors>
</robot>
